<?xml version="1.0" encoding="UTF-8"?>
<!-- Generated by org.testng.reporters.JUnitXMLReporter -->
<testsuite hostname="tnamb" ignored="4" name="Test" tests="5" failures="1" timestamp="2021-04-23T13:56:18 IST" time="82.75" errors="0">
  <testcase name="Login" time="9.9" classname="com.amazon.testPages.AmazonLogin"/>
  <testcase name="search" time="18.484" classname="com.amazon.testPages.AmazonSearch"/>
  <testcase name="ProductPage" time="41.537" classname="com.amazon.testPages.AmazonProductPage"/>
  <testcase name="Cart" time="5.933" classname="com.amazon.testPages.AmazonCart">
    <failure type="java.lang.AssertionError" message="expected [Sony Bravia 164 cm (65 inches) 4K Ultra ] but found [Sony Bravia 164 cm 4K Ultra HD Smart Cer]">
      <![CDATA[java.lang.AssertionError: expected [Sony Bravia 164 cm (65 inches) 4K Ultra ] but found [Sony Bravia 164 cm 4K Ultra HD Smart Cer]
at com.amazon.testPages.AmazonCart.Cart(AmazonCart.java:37)
at java.util.ArrayList.forEach(Unknown Source)
... Removed 33 stack frames]]>
    </failure>
  </testcase> <!-- Cart -->
  <testcase name="logout" time="6.827" classname="com.amazon.testPages.AmazonLogout"/>
  <testcase name="@BeforeSuite setup" time="0.0" classname="com.amazon.testBase.AmazonBase">
    <ignored/>
  </testcase> <!-- @BeforeSuite setup -->
  <testcase name="@BeforeSuite setup" time="0.0" classname="com.amazon.testBase.AmazonBase">
    <ignored/>
  </testcase> <!-- @BeforeSuite setup -->
  <testcase name="@BeforeSuite setup" time="0.0" classname="com.amazon.testBase.AmazonBase">
    <ignored/>
  </testcase> <!-- @BeforeSuite setup -->
  <testcase name="@BeforeSuite setup" time="0.0" classname="com.amazon.testBase.AmazonBase">
    <ignored/>
  </testcase> <!-- @BeforeSuite setup -->
</testsuite> <!-- Test -->
