<?xml version="1.0" encoding="UTF-8"?>
<testng-results skipped="0" failed="1" ignored="4" total="9" passed="4">
  <reporter-output>
  </reporter-output>
  <suite name="Suite" duration-ms="82750" started-at="2021-04-23T13:54:55 IST" finished-at="2021-04-23T13:56:18 IST">
    <groups>
    </groups>
    <test name="Test" duration-ms="82750" started-at="2021-04-23T13:54:55 IST" finished-at="2021-04-23T13:56:18 IST">
      <class name="com.amazon.testPages.AmazonLogout">
        <test-method status="PASS" signature="logout()[pri:5, instance:com.amazon.testPages.AmazonLogout@32eebfca]" name="logout" duration-ms="6827" started-at="2021-04-23T13:56:11 IST" finished-at="2021-04-23T13:56:18 IST">
          <reporter-output>
          </reporter-output>
        </test-method> <!-- logout -->
      </class> <!-- com.amazon.testPages.AmazonLogout -->
      <class name="com.amazon.testPages.AmazonLogin">
        <test-method status="PASS" signature="setup()[pri:0, instance:com.amazon.testPages.AmazonLogin@8e24743]" name="setup" is-config="true" duration-ms="53437" started-at="2021-04-23T13:54:01 IST" finished-at="2021-04-23T13:54:55 IST">
          <reporter-output>
          </reporter-output>
        </test-method> <!-- setup -->
        <test-method status="PASS" signature="Login()[pri:1, instance:com.amazon.testPages.AmazonLogin@8e24743]" name="Login" duration-ms="9900" started-at="2021-04-23T13:54:55 IST" finished-at="2021-04-23T13:55:05 IST">
          <reporter-output>
          </reporter-output>
        </test-method> <!-- Login -->
      </class> <!-- com.amazon.testPages.AmazonLogin -->
      <class name="com.amazon.testPages.AmazonCart">
        <test-method status="FAIL" signature="Cart()[pri:4, instance:com.amazon.testPages.AmazonCart@28ac3dc3]" name="Cart" duration-ms="5933" started-at="2021-04-23T13:56:05 IST" finished-at="2021-04-23T13:56:11 IST">
          <exception class="java.lang.AssertionError">
            <message>
              <![CDATA[expected [Sony Bravia 164 cm (65 inches) 4K Ultra ] but found [Sony Bravia 164 cm 4K Ultra HD Smart Cer]]]>
            </message>
            <full-stacktrace>
              <![CDATA[java.lang.AssertionError: expected [Sony Bravia 164 cm (65 inches) 4K Ultra ] but found [Sony Bravia 164 cm 4K Ultra HD Smart Cer]
at org.testng.Assert.fail(Assert.java:99)
at org.testng.Assert.failNotEquals(Assert.java:1037)
at org.testng.Assert.assertEqualsImpl(Assert.java:140)
at org.testng.Assert.assertEquals(Assert.java:122)
at org.testng.Assert.assertEquals(Assert.java:629)
at org.testng.Assert.assertEquals(Assert.java:639)
at com.amazon.testPages.AmazonCart.Cart(AmazonCart.java:37)
at sun.reflect.NativeMethodAccessorImpl.invoke0(Native Method)
at sun.reflect.NativeMethodAccessorImpl.invoke(Unknown Source)
at sun.reflect.DelegatingMethodAccessorImpl.invoke(Unknown Source)
at java.lang.reflect.Method.invoke(Unknown Source)
at org.testng.internal.MethodInvocationHelper.invokeMethod(MethodInvocationHelper.java:132)
at org.testng.internal.TestInvoker.invokeMethod(TestInvoker.java:599)
at org.testng.internal.TestInvoker.invokeTestMethod(TestInvoker.java:174)
at org.testng.internal.MethodRunner.runInSequence(MethodRunner.java:46)
at org.testng.internal.TestInvoker$MethodInvocationAgent.invoke(TestInvoker.java:822)
at org.testng.internal.TestInvoker.invokeTestMethods(TestInvoker.java:147)
at org.testng.internal.TestMethodWorker.invokeTestMethods(TestMethodWorker.java:146)
at org.testng.internal.TestMethodWorker.run(TestMethodWorker.java:128)
at java.util.ArrayList.forEach(Unknown Source)
at org.testng.TestRunner.privateRun(TestRunner.java:764)
at org.testng.TestRunner.run(TestRunner.java:585)
at org.testng.SuiteRunner.runTest(SuiteRunner.java:384)
at org.testng.SuiteRunner.runSequentially(SuiteRunner.java:378)
at org.testng.SuiteRunner.privateRun(SuiteRunner.java:337)
at org.testng.SuiteRunner.run(SuiteRunner.java:286)
at org.testng.SuiteRunnerWorker.runSuite(SuiteRunnerWorker.java:53)
at org.testng.SuiteRunnerWorker.run(SuiteRunnerWorker.java:96)
at org.testng.TestNG.runSuitesSequentially(TestNG.java:1218)
at org.testng.TestNG.runSuitesLocally(TestNG.java:1140)
at org.testng.TestNG.runSuites(TestNG.java:1069)
at org.testng.TestNG.run(TestNG.java:1037)
at org.testng.remote.AbstractRemoteTestNG.run(AbstractRemoteTestNG.java:115)
at org.testng.remote.RemoteTestNG.initAndRun(RemoteTestNG.java:251)
at org.testng.remote.RemoteTestNG.main(RemoteTestNG.java:77)
]]>
            </full-stacktrace>
          </exception> <!-- java.lang.AssertionError -->
          <reporter-output>
          </reporter-output>
        </test-method> <!-- Cart -->
      </class> <!-- com.amazon.testPages.AmazonCart -->
      <class name="com.amazon.testPages.AmazonProductPage">
        <test-method status="PASS" signature="ProductPage()[pri:3, instance:com.amazon.testPages.AmazonProductPage@23fe1d71]" name="ProductPage" duration-ms="41537" started-at="2021-04-23T13:55:23 IST" finished-at="2021-04-23T13:56:05 IST">
          <reporter-output>
          </reporter-output>
        </test-method> <!-- ProductPage -->
      </class> <!-- com.amazon.testPages.AmazonProductPage -->
      <class name="com.amazon.testPages.AmazonSearch">
        <test-method status="PASS" signature="search()[pri:2, instance:com.amazon.testPages.AmazonSearch@74a10858]" name="search" duration-ms="18484" started-at="2021-04-23T13:55:05 IST" finished-at="2021-04-23T13:55:23 IST">
          <reporter-output>
          </reporter-output>
        </test-method> <!-- search -->
      </class> <!-- com.amazon.testPages.AmazonSearch -->
    </test> <!-- Test -->
  </suite> <!-- Suite -->
</testng-results>
